<?xml version="1.0" encoding="UTF-8"?>
<!-- Generated by org.testng.reporters.JUnitReportReporter -->
<testsuite hostname="DESKTOP-UK19JDH" failures="0" tests="1" name="testRunner.ApiRunner" time="5.138" errors="0" timestamp="12 Nov 2019 23:33:16 GMT" skipped="0">
  <testcase classname="testRunner.ApiRunner" name="runScenario" time="5.138"/>
</testsuite> <!-- testRunner.ApiRunner -->
