<?xml version="1.0" encoding="UTF-8"?>
<!-- Generated by org.testng.reporters.JUnitReportReporter -->
<testsuite hostname="DESKTOP-UK19JDH" failures="0" tests="1" name="testRunner.TestRunner" time="41.800" errors="0" timestamp="15 Nov 2019 18:40:01 GMT" skipped="0">
  <testcase classname="testRunner.TestRunner" name="runScenario" time="41.800"/>
</testsuite> <!-- testRunner.TestRunner -->
