<?xml version="1.0" encoding="UTF-8"?>
<!-- Generated by org.testng.reporters.JUnitReportReporter -->
<testsuite hostname="DESKTOP-UK19JDH" failures="0" tests="1" name="testRunner.TestRunnerClass" time="11.287" errors="0" timestamp="04 Nov 2019 23:36:09 GMT" skipped="0">
  <testcase classname="testRunner.TestRunnerClass" name="runScenario" time="11.287"/>
</testsuite> <!-- testRunner.TestRunnerClass -->
