<?xml version="1.0" encoding="UTF-8"?>
<!-- Generated by org.testng.reporters.JUnitReportReporter -->
<testsuite hostname="DESKTOP-UK19JDH" failures="0" tests="2" name="restExample.RestExample" time="3.795" errors="0" timestamp="12 Nov 2019 21:37:38 GMT" skipped="1">
  <testcase classname="restExample.RestExample" name="Test2" time="3.795"/>
  <testcase classname="restExample.RestExample" name="Test1">
    <skipped/>
  </testcase> <!-- Test1 -->
</testsuite> <!-- restExample.RestExample -->
